<?xml version="1.0" encoding="UTF-8"?>
<coverage generated="1678760168579" clover="3.2.0">
  <project timestamp="1678760168579" name="All files">
    <metrics statements="19" coveredstatements="19" conditionals="4" coveredconditionals="4" methods="5" coveredmethods="5" elements="28" coveredelements="28" complexity="0" loc="19" ncloc="19" packages="1" files="1" classes="1"/>
    <file name="calcula-valor.js" path="C:\Users\kenji\Estudo\Dev\Curso XPE Node.js\04. modulo\onGoing\src\calcula-valor.js">
      <metrics statements="19" coveredstatements="19" conditionals="4" coveredconditionals="4" methods="5" coveredmethods="5"/>
      <line num="2" count="2" type="stmt"/>
      <line num="3" count="2" type="stmt"/>
      <line num="4" count="2" type="stmt"/>
      <line num="8" count="25" type="stmt"/>
      <line num="10" count="25" type="stmt"/>
      <line num="11" count="25" type="stmt"/>
      <line num="15" count="5" type="stmt"/>
      <line num="16" count="5" type="stmt"/>
      <line num="18" count="10" type="stmt"/>
      <line num="19" count="5" type="stmt"/>
      <line num="20" count="5" type="cond" truecount="2" falsecount="0"/>
      <line num="21" count="5" type="cond" truecount="2" falsecount="0"/>
      <line num="23" count="5" type="stmt"/>
      <line num="24" count="4" type="stmt"/>
      <line num="25" count="14" type="stmt"/>
      <line num="26" count="4" type="stmt"/>
      <line num="27" count="4" type="stmt"/>
      <line num="30" count="5" type="stmt"/>
      <line num="33" count="1" type="stmt"/>
    </file>
  </project>
</coverage>
