{"C:\\Users\\kenji\\Estudo\\Dev\\Curso XPE Node.js\\04. modulo\\onGoing\\src\\calcula-valor.js": {"path":"C:\\Users\\kenji\\Estudo\\Dev\\Curso XPE Node.js\\04. modulo\\onGoing\\src\\calcula-valor.js","statementMap":{"0":{"start":{"line":2,"column":17},"end":{"line":2,"column":58}},"1":{"start":{"line":3,"column":2},"end":{"line":3,"column":33}},"2":{"start":{"line":4,"column":2},"end":{"line":4,"column":17}},"3":{"start":{"line":8,"column":19},"end":{"line":8,"column":22}},"4":{"start":{"line":10,"column":4},"end":{"line":10,"column":62}},"5":{"start":{"line":11,"column":2},"end":{"line":11,"column":20}},"6":{"start":{"line":15,"column":24},"end":{"line":15,"column":61}},"7":{"start":{"line":16,"column":20},"end":{"line":16,"column":61}},"8":{"start":{"line":18,"column":23},"end":{"line":18,"column":56}},"9":{"start":{"line":18,"column":50},"end":{"line":18,"column":55}},"10":{"start":{"line":19,"column":18},"end":{"line":19,"column":55}},"11":{"start":{"line":20,"column":16},"end":{"line":20,"column":38}},"12":{"start":{"line":21,"column":10},"end":{"line":21,"column":50}},"13":{"start":{"line":23,"column":2},"end":{"line":28,"column":3}},"14":{"start":{"line":24,"column":4},"end":{"line":24,"column":60}},"15":{"start":{"line":25,"column":4},"end":{"line":25,"column":54}},"16":{"start":{"line":25,"column":48},"end":{"line":25,"column":53}},"17":{"start":{"line":26,"column":4},"end":{"line":26,"column":53}},"18":{"start":{"line":27,"column":4},"end":{"line":27,"column":14}},"19":{"start":{"line":30,"column":2},"end":{"line":30,"column":18}},"20":{"start":{"line":33,"column":0},"end":{"line":37,"column":1}}},"fnMap":{"0":{"name":"calcularMontante","decl":{"start":{"line":1,"column":9},"end":{"line":1,"column":25}},"loc":{"start":{"line":1,"column":51},"end":{"line":5,"column":1}},"line":1},"1":{"name":"arredondar","decl":{"start":{"line":7,"column":9},"end":{"line":7,"column":19}},"loc":{"start":{"line":7,"column":28},"end":{"line":12,"column":1}},"line":7},"2":{"name":"calcularPrestacoes","decl":{"start":{"line":14,"column":9},"end":{"line":14,"column":27}},"loc":{"start":{"line":14,"column":55},"end":{"line":31,"column":1}},"line":14},"3":{"name":"(anonymous_3)","decl":{"start":{"line":18,"column":40},"end":{"line":18,"column":41}},"loc":{"start":{"line":18,"column":50},"end":{"line":18,"column":55}},"line":18},"4":{"name":"(anonymous_4)","decl":{"start":{"line":25,"column":38},"end":{"line":25,"column":39}},"loc":{"start":{"line":25,"column":48},"end":{"line":25,"column":53}},"line":25}},"branchMap":{"0":{"loc":{"start":{"line":20,"column":16},"end":{"line":20,"column":38}},"type":"cond-expr","locations":[{"start":{"line":20,"column":32},"end":{"line":20,"column":33}},{"start":{"line":20,"column":36},"end":{"line":20,"column":38}}],"line":20},"1":{"loc":{"start":{"line":21,"column":10},"end":{"line":21,"column":50}},"type":"cond-expr","locations":[{"start":{"line":21,"column":26},"end":{"line":21,"column":27}},{"start":{"line":21,"column":30},"end":{"line":21,"column":50}}],"line":21}},"s":{"0":2,"1":2,"2":2,"3":26,"4":26,"5":26,"6":5,"7":5,"8":5,"9":10,"10":5,"11":5,"12":5,"13":5,"14":4,"15":4,"16":14,"17":4,"18":4,"19":5,"20":1},"f":{"0":2,"1":26,"2":5,"3":10,"4":14},"b":{"0":[2,3],"1":[2,3]},"_coverageSchema":"1a1c01bbd47fc00a2c39e90264f33305004495a9","hash":"b149a1d39a174fb59b909fe3ea64ea8d6b954641"}
,"C:\\Users\\kenji\\Estudo\\Dev\\Curso XPE Node.js\\04. modulo\\onGoing\\test\\extensoes.js": {"path":"C:\\Users\\kenji\\Estudo\\Dev\\Curso XPE Node.js\\04. modulo\\onGoing\\test\\extensoes.js","statementMap":{"0":{"start":{"line":1,"column":21},"end":{"line":1,"column":55}},"1":{"start":{"line":3,"column":0},"end":{"line":31,"column":2}},"2":{"start":{"line":6,"column":21},"end":{"line":6,"column":75}},"3":{"start":{"line":6,"column":68},"end":{"line":6,"column":73}},"4":{"start":{"line":7,"column":19},"end":{"line":7,"column":61}},"5":{"start":{"line":9,"column":4},"end":{"line":12,"column":5}},"6":{"start":{"line":10,"column":21},"end":{"line":10,"column":66}},"7":{"start":{"line":16,"column":4},"end":{"line":24,"column":5}},"8":{"start":{"line":16,"column":17},"end":{"line":16,"column":18}},"9":{"start":{"line":17,"column":16},"end":{"line":17,"column":21}},"10":{"start":{"line":18,"column":6},"end":{"line":23,"column":7}},"11":{"start":{"line":19,"column":8},"end":{"line":22,"column":9}},"12":{"start":{"line":20,"column":25},"end":{"line":20,"column":66}},"13":{"start":{"line":26,"column":4},"end":{"line":29,"column":5}},"14":{"start":{"line":27,"column":21},"end":{"line":27,"column":62}}},"fnMap":{"0":{"name":"(anonymous_0)","decl":{"start":{"line":5,"column":2},"end":{"line":5,"column":3}},"loc":{"start":{"line":5,"column":38},"end":{"line":13,"column":3}},"line":5},"1":{"name":"(anonymous_1)","decl":{"start":{"line":6,"column":58},"end":{"line":6,"column":59}},"loc":{"start":{"line":6,"column":68},"end":{"line":6,"column":73}},"line":6},"2":{"name":"(anonymous_2)","decl":{"start":{"line":10,"column":15},"end":{"line":10,"column":16}},"loc":{"start":{"line":10,"column":21},"end":{"line":10,"column":66}},"line":10},"3":{"name":"(anonymous_3)","decl":{"start":{"line":15,"column":2},"end":{"line":15,"column":3}},"loc":{"start":{"line":15,"column":26},"end":{"line":30,"column":3}},"line":15},"4":{"name":"(anonymous_4)","decl":{"start":{"line":20,"column":19},"end":{"line":20,"column":20}},"loc":{"start":{"line":20,"column":25},"end":{"line":20,"column":66}},"line":20},"5":{"name":"(anonymous_5)","decl":{"start":{"line":27,"column":15},"end":{"line":27,"column":16}},"loc":{"start":{"line":27,"column":21},"end":{"line":27,"column":62}},"line":27}},"branchMap":{"0":{"loc":{"start":{"line":18,"column":6},"end":{"line":23,"column":7}},"type":"if","locations":[{"start":{"line":18,"column":6},"end":{"line":23,"column":7}},{"start":{},"end":{}}],"line":18}},"s":{"0":1,"1":1,"2":2,"3":4,"4":2,"5":2,"6":0,"7":3,"8":3,"9":5,"10":5,"11":1,"12":0,"13":2,"14":0},"f":{"0":2,"1":4,"2":0,"3":3,"4":0,"5":0},"b":{"0":[1,4]},"_coverageSchema":"1a1c01bbd47fc00a2c39e90264f33305004495a9","hash":"b453cef5eaf06f5cffd76e9f6bb93226328f4dc8"}
}
